[07-Oct-2012 21:48:27 UTC] PHP Notice:  Undefined index: USUARIO in /var/www/controlServicio/index.php on line 5
[07-Oct-2012 21:48:27 UTC] PHP Notice:  Undefined index: IDUSUARIO in /var/www/controlServicio/index.php on line 6
[07-Oct-2012 21:48:27 UTC] PHP Notice:  Undefined index: CLAVE in /var/www/controlServicio/index.php on line 7
[07-Oct-2012 21:48:27 UTC] PHP Notice:  Undefined index: TIPO in /var/www/controlServicio/index.php on line 8
[07-Oct-2012 21:48:27 UTC] PHP Notice:  Undefined index: FOLIO in /var/www/controlServicio/carrito.php on line 16
[07-Oct-2012 21:50:25 UTC] PHP Warning:  mysql_fetch_array() expects parameter 1 to be resource, boolean given in /var/www/controlServicio/oficina.php on line 7
[07-Oct-2012 21:50:25 UTC] PHP Notice:  Use of undefined constant idproducto - assumed 'idproducto' in /var/www/controlServicio/categoinformatica.php on line 56
[07-Oct-2012 21:50:25 UTC] PHP Notice:  Use of undefined constant nombre - assumed 'nombre' in /var/www/controlServicio/categoinformatica.php on line 56
[07-Oct-2012 21:50:25 UTC] PHP Notice:  Use of undefined constant idproducto - assumed 'idproducto' in /var/www/controlServicio/categoinformatica.php on line 56
[07-Oct-2012 21:50:25 UTC] PHP Notice:  Use of undefined constant nombre - assumed 'nombre' in /var/www/controlServicio/categoinformatica.php on line 56
[07-Oct-2012 21:51:19 UTC] PHP Warning:  mysql_fetch_array() expects parameter 1 to be resource, boolean given in /var/www/controlServicio/oficina.php on line 7
[07-Oct-2012 21:51:19 UTC] PHP Notice:  Use of undefined constant idproducto - assumed 'idproducto' in /var/www/controlServicio/coffe.php on line 51
[07-Oct-2012 21:51:19 UTC] PHP Notice:  Use of undefined constant nombre - assumed 'nombre' in /var/www/controlServicio/coffe.php on line 51
[07-Oct-2012 21:51:19 UTC] PHP Notice:  Use of undefined constant idproducto - assumed 'idproducto' in /var/www/controlServicio/coffe.php on line 51
[07-Oct-2012 21:51:19 UTC] PHP Notice:  Use of undefined constant nombre - assumed 'nombre' in /var/www/controlServicio/coffe.php on line 51
[07-Oct-2012 21:53:15 UTC] PHP Warning:  mysql_fetch_array() expects parameter 1 to be resource, boolean given in /var/www/controlServicio/oficina.php on line 7
[07-Oct-2012 21:53:15 UTC] PHP Notice:  Use of undefined constant idproducto - assumed 'idproducto' in /var/www/controlServicio/coffe.php on line 51
[07-Oct-2012 21:53:15 UTC] PHP Notice:  Use of undefined constant nombre - assumed 'nombre' in /var/www/controlServicio/coffe.php on line 51
[07-Oct-2012 21:53:15 UTC] PHP Notice:  Use of undefined constant idproducto - assumed 'idproducto' in /var/www/controlServicio/coffe.php on line 51
[07-Oct-2012 21:53:15 UTC] PHP Notice:  Use of undefined constant nombre - assumed 'nombre' in /var/www/controlServicio/coffe.php on line 51
[07-Oct-2012 21:53:27 UTC] PHP Warning:  mysql_fetch_array() expects parameter 1 to be resource, boolean given in /var/www/controlServicio/oficina.php on line 7
[07-Oct-2012 21:53:27 UTC] PHP Notice:  Use of undefined constant idproducto - assumed 'idproducto' in /var/www/controlServicio/categooficina.php on line 51
[07-Oct-2012 21:53:27 UTC] PHP Notice:  Use of undefined constant nombre - assumed 'nombre' in /var/www/controlServicio/categooficina.php on line 51
[07-Oct-2012 21:53:27 UTC] PHP Notice:  Use of undefined constant idproducto - assumed 'idproducto' in /var/www/controlServicio/categooficina.php on line 51
[07-Oct-2012 21:53:27 UTC] PHP Notice:  Use of undefined constant nombre - assumed 'nombre' in /var/www/controlServicio/categooficina.php on line 51
[19-Oct-2012 02:00:40 UTC] PHP Notice:  Undefined index: datos in /var/www/controlServicio/login.php on line 77
[19-Oct-2012 02:10:19 UTC] PHP Fatal error:  Call to undefined function conectar() in /var/www/controlServicio/oficina.php on line 5
[19-Oct-2012 02:23:16 UTC] PHP Fatal error:  Call to undefined function conectar() in /var/www/controlServicio/oficina.php on line 5
[19-Oct-2012 02:28:08 UTC] PHP Fatal error:  Call to undefined function conectar() in /var/www/controlServicio/oficina.php on line 5
[19-Oct-2012 02:33:37 UTC] PHP Fatal error:  Call to undefined function conectar() in /var/www/controlServicio/oficina.php on line 5
[19-Oct-2012 02:34:25 UTC] PHP Fatal error:  Call to undefined function conectar() in /var/www/controlServicio/oficina.php on line 5
[19-Oct-2012 02:35:20 UTC] PHP Fatal error:  Call to undefined function conectar() in /var/www/controlServicio/oficina.php on line 5
[19-Oct-2012 02:35:49 UTC] PHP Fatal error:  Call to undefined function conectar() in /var/www/controlServicio/oficina.php on line 5
[19-Oct-2012 02:36:25 UTC] PHP Fatal error:  Call to undefined function conectar() in /var/www/controlServicio/oficina.php on line 5
[19-Oct-2012 02:37:02 UTC] PHP Fatal error:  Call to undefined function conectar() in /var/www/controlServicio/oficina.php on line 5
[19-Oct-2012 02:41:36 UTC] PHP Fatal error:  Call to undefined function conectar() in /var/www/controlServicio/oficina.php on line 5
[19-Oct-2012 02:43:13 UTC] PHP Fatal error:  Call to undefined function conectar() in /var/www/controlServicio/oficina.php on line 5
[19-Oct-2012 02:44:25 UTC] PHP Fatal error:  Call to undefined function conectar() in /var/www/controlServicio/oficina.php on line 5
[19-Oct-2012 02:45:00 UTC] PHP Fatal error:  Call to undefined function conectar() in /var/www/controlServicio/oficina.php on line 5
[19-Oct-2012 02:45:19 UTC] PHP Fatal error:  Call to undefined function conectar() in /var/www/controlServicio/oficina.php on line 5
[19-Oct-2012 02:45:23 UTC] PHP Fatal error:  Call to undefined function conectar() in /var/www/controlServicio/oficina.php on line 5
[19-Oct-2012 02:47:15 UTC] PHP Fatal error:  Call to undefined function conectar() in /var/www/controlServicio/oficina.php on line 5
[19-Oct-2012 02:47:58 UTC] PHP Fatal error:  Call to undefined function conectar() in /var/www/controlServicio/oficina.php on line 5
[19-Oct-2012 02:48:17 UTC] PHP Fatal error:  Call to undefined function conectar() in /var/www/controlServicio/oficina.php on line 5
[19-Oct-2012 02:53:58 UTC] PHP Fatal error:  Call to undefined function conectar() in /var/www/controlServicio/oficina.php on line 5
[19-Oct-2012 02:54:55 UTC] PHP Fatal error:  Call to undefined function conectar() in /var/www/controlServicio/oficina.php on line 5
[19-Oct-2012 02:56:26 UTC] PHP Fatal error:  Call to undefined function conectar() in /var/www/controlServicio/oficina.php on line 5
[19-Oct-2012 02:59:28 UTC] PHP Fatal error:  Call to undefined function conectar() in /var/www/controlServicio/oficina.php on line 5
[19-Oct-2012 02:59:53 UTC] PHP Fatal error:  Call to undefined function conectar() in /var/www/controlServicio/oficina.php on line 5
[19-Oct-2012 03:01:17 UTC] PHP Fatal error:  Call to undefined function conectar() in /var/www/controlServicio/oficina.php on line 5
[19-Oct-2012 03:01:19 UTC] PHP Fatal error:  Call to undefined function conectar() in /var/www/controlServicio/oficina.php on line 5
[19-Oct-2012 03:01:47 UTC] PHP Fatal error:  Call to undefined function conectar() in /var/www/controlServicio/oficina.php on line 5
[19-Oct-2012 03:02:57 UTC] PHP Fatal error:  Call to undefined function conectar() in /var/www/controlServicio/oficina.php on line 5
[19-Oct-2012 03:03:55 UTC] PHP Fatal error:  Call to undefined function conectar() in /var/www/controlServicio/oficina.php on line 5
[19-Oct-2012 03:05:04 UTC] PHP Fatal error:  Call to undefined function conectar() in /var/www/controlServicio/oficina.php on line 5
[19-Oct-2012 03:09:50 UTC] PHP Fatal error:  Call to undefined function conectar() in /var/www/controlServicio/oficina.php on line 5
[19-Oct-2012 03:10:59 UTC] PHP Fatal error:  Call to undefined function conectar() in /var/www/controlServicio/oficina.php on line 5
[19-Oct-2012 03:14:04 UTC] PHP Notice:  Undefined variable: coneccion in /var/www/controlServicio/coffe.php on line 46
[19-Oct-2012 03:14:04 UTC] PHP Warning:  mysql_query() expects parameter 2 to be resource, null given in /var/www/controlServicio/coffe.php on line 46
[19-Oct-2012 03:14:04 UTC] PHP Warning:  mysql_fetch_array() expects parameter 1 to be resource, null given in /var/www/controlServicio/coffe.php on line 53
[19-Oct-2012 03:14:04 UTC] PHP Notice:  Undefined variable: coneccion in /var/www/controlServicio/coffe.php on line 56
[19-Oct-2012 03:14:04 UTC] PHP Warning:  mysql_close() expects parameter 1 to be resource, null given in /var/www/controlServicio/coffe.php on line 56
[19-Oct-2012 03:16:31 UTC] PHP Notice:  Undefined variable: coneccion in /var/www/controlServicio/coffe.php on line 41
[19-Oct-2012 03:16:31 UTC] PHP Warning:  mysql_query() expects parameter 2 to be resource, null given in /var/www/controlServicio/coffe.php on line 41
[19-Oct-2012 03:16:31 UTC] PHP Warning:  mysql_fetch_array() expects parameter 1 to be resource, null given in /var/www/controlServicio/coffe.php on line 48
[19-Oct-2012 03:16:31 UTC] PHP Notice:  Undefined variable: coneccion in /var/www/controlServicio/coffe.php on line 51
[19-Oct-2012 03:16:31 UTC] PHP Warning:  mysql_close() expects parameter 1 to be resource, null given in /var/www/controlServicio/coffe.php on line 51
[19-Oct-2012 03:17:05 UTC] PHP Notice:  Undefined variable: coneccion in /var/www/controlServicio/coffe.php on line 41
[19-Oct-2012 03:17:05 UTC] PHP Warning:  mysql_query() expects parameter 2 to be resource, null given in /var/www/controlServicio/coffe.php on line 41
[19-Oct-2012 03:17:05 UTC] PHP Warning:  mysql_fetch_array() expects parameter 1 to be resource, null given in /var/www/controlServicio/coffe.php on line 48
[19-Oct-2012 03:17:05 UTC] PHP Notice:  Undefined variable: coneccion in /var/www/controlServicio/coffe.php on line 51
[19-Oct-2012 03:17:05 UTC] PHP Warning:  mysql_close() expects parameter 1 to be resource, null given in /var/www/controlServicio/coffe.php on line 51
[19-Oct-2012 03:18:03 UTC] PHP Notice:  Undefined variable: coneccion in /var/www/controlServicio/coffe.php on line 42
[19-Oct-2012 03:18:03 UTC] PHP Warning:  mysql_query() expects parameter 2 to be resource, null given in /var/www/controlServicio/coffe.php on line 42
[19-Oct-2012 03:18:03 UTC] PHP Warning:  mysql_fetch_array() expects parameter 1 to be resource, null given in /var/www/controlServicio/coffe.php on line 49
[19-Oct-2012 03:18:03 UTC] PHP Notice:  Undefined variable: coneccion in /var/www/controlServicio/coffe.php on line 52
[19-Oct-2012 03:18:03 UTC] PHP Warning:  mysql_close() expects parameter 1 to be resource, null given in /var/www/controlServicio/coffe.php on line 52
[19-Oct-2012 04:22:02 UTC] PHP Notice:  Undefined index: datos in /var/www/controlServicio/login.php on line 77
[19-Oct-2012 04:26:05 UTC] PHP Notice:  Undefined variable: identificador in /var/www/controlServicio/agregarCarrito.php on line 11
[19-Oct-2012 04:26:05 UTC] PHP Notice:  Undefined variable: identificador in /var/www/controlServicio/agregarCarrito.php on line 11
[19-Oct-2012 04:26:05 UTC] PHP Notice:  Undefined variable: cantidad in /var/www/controlServicio/agregarCarrito.php on line 12
[19-Oct-2012 04:26:05 UTC] PHP Notice:  Undefined variable: nombreProducto in /var/www/controlServicio/agregarCarrito.php on line 13
[19-Oct-2012 04:26:05 UTC] PHP Notice:  Undefined variable: nombreOficina in /var/www/controlServicio/agregarCarrito.php on line 15
[19-Oct-2012 04:26:05 UTC] PHP Notice:  Undefined variable: fechaDeseada in /var/www/controlServicio/agregarCarrito.php on line 16
[19-Oct-2012 04:26:05 UTC] PHP Notice:  Undefined variable: idProducto in /var/www/controlServicio/agregarCarrito.php on line 18
[19-Oct-2012 04:26:05 UTC] PHP Notice:  Undefined variable: opcionesOficina in /var/www/controlServicio/agregarCarrito.php on line 19
[19-Oct-2012 04:45:53 UTC] PHP Notice:  Undefined variable: identificador in /var/www/controlServicio/agregarCarrito.php on line 11
[19-Oct-2012 04:45:53 UTC] PHP Notice:  Undefined variable: identificador in /var/www/controlServicio/agregarCarrito.php on line 11
[19-Oct-2012 04:45:53 UTC] PHP Notice:  Undefined variable: cantidad in /var/www/controlServicio/agregarCarrito.php on line 12
[19-Oct-2012 04:45:53 UTC] PHP Notice:  Undefined variable: nombreProducto in /var/www/controlServicio/agregarCarrito.php on line 13
[19-Oct-2012 04:45:53 UTC] PHP Notice:  Undefined variable: nombreOficina in /var/www/controlServicio/agregarCarrito.php on line 15
[19-Oct-2012 04:45:53 UTC] PHP Notice:  Undefined variable: fechaDeseada in /var/www/controlServicio/agregarCarrito.php on line 16
[19-Oct-2012 04:45:53 UTC] PHP Notice:  Undefined variable: idProducto in /var/www/controlServicio/agregarCarrito.php on line 18
[19-Oct-2012 04:45:53 UTC] PHP Notice:  Undefined variable: opcionesOficina in /var/www/controlServicio/agregarCarrito.php on line 19
[19-Oct-2012 05:18:32 UTC] PHP Parse error:  syntax error, unexpected T_VARIABLE in /var/www/controlServicio/agregarCarrito.php on line 46
[19-Oct-2012 05:20:58 UTC] PHP Parse error:  syntax error, unexpected T_VARIABLE in /var/www/controlServicio/agregarCarrito.php on line 46
[19-Oct-2012 05:23:41 UTC] PHP Parse error:  syntax error, unexpected T_VARIABLE in /var/www/controlServicio/agregarCarrito.php on line 46
[19-Oct-2012 05:26:09 UTC] PHP Parse error:  syntax error, unexpected T_VARIABLE in /var/www/controlServicio/agregarCarrito.php on line 46
[19-Oct-2012 05:31:15 UTC] PHP Parse error:  syntax error, unexpected T_VARIABLE in /var/www/controlServicio/agregarCarrito.php on line 47
[19-Oct-2012 05:33:06 UTC] PHP Parse error:  syntax error, unexpected T_VARIABLE in /var/www/controlServicio/agregarCarrito.php on line 46
[19-Oct-2012 05:36:39 UTC] PHP Parse error:  syntax error, unexpected T_CONSTANT_ENCAPSED_STRING in /var/www/controlServicio/agregarCarrito.php on line 47
[19-Oct-2012 05:37:30 UTC] PHP Notice:  Undefined variable: name_user in /var/www/controlServicio/agregarCarrito.php on line 21
[19-Oct-2012 05:37:30 UTC] PHP Notice:  Undefined variable: name_clave in /var/www/controlServicio/agregarCarrito.php on line 21
[19-Oct-2012 05:37:30 UTC] PHP Warning:  mysql_connect(): Access denied for user 'www-data'@'localhost' (using password: NO) in /var/www/controlServicio/conecta.php on line 23
[19-Oct-2012 05:37:30 UTC] PHP Warning:  mysql_select_db() expects parameter 2 to be resource, boolean given in /var/www/controlServicio/conecta.php on line 25
[19-Oct-2012 05:38:48 UTC] PHP Parse error:  syntax error, unexpected ',' in /var/www/controlServicio/agregarCarrito.php on line 21
[19-Oct-2012 05:43:58 UTC] PHP Notice:  Undefined index: datos in /var/www/controlServicio/login.php on line 77
[19-Oct-2012 05:46:05 UTC] PHP Notice:  Undefined index: datos in /var/www/controlServicio/login.php on line 77
[19-Oct-2012 05:46:13 UTC] PHP Warning:  mysql_connect(): Access denied for user 'root'@'localhost' (using password: YES) in /var/www/controlServicio/conecta.php on line 23
[19-Oct-2012 05:46:13 UTC] PHP Warning:  mysql_select_db() expects parameter 2 to be resource, boolean given in /var/www/controlServicio/conecta.php on line 25
[19-Oct-2012 05:46:13 UTC] PHP Warning:  mysql_close() expects parameter 1 to be resource, boolean given in /var/www/controlServicio/validaUsuario.php on line 30
[19-Oct-2012 05:47:18 UTC] PHP Notice:  Undefined index: datos in /var/www/controlServicio/login.php on line 77
